<?xml version="1.0" encoding="UTF-8"?>
<!-- Generated by org.testng.reporters.JUnitReportReporter -->
<testsuite skipped="0" hostname="Fareed-PC" name="tests.TestNGConcepts" tests="15" failures="0" timestamp="19 Jul 2020 17:54:56 GMT" time="0.038" errors="0">
  <testcase name="checkTitle" time="0.001" classname="tests.TestNGConcepts"/>
  <testcase name="logout" time="0.001" classname="tests.TestNGConcepts"/>
  <testcase name="checkTitle" time="0.001" classname="tests.TestNGConcepts"/>
  <testcase name="checkTitle" time="0.001" classname="tests.TestNGConcepts"/>
  <testcase name="checkTitle" time="0.001" classname="tests.TestNGConcepts"/>
  <testcase name="checkTitle" time="0.002" classname="tests.TestNGConcepts"/>
  <testcase name="checkTitle" time="0.001" classname="tests.TestNGConcepts"/>
  <testcase name="customerPage" time="0.001" classname="tests.TestNGConcepts"/>
  <testcase name="checkTitle" time="0.001" classname="tests.TestNGConcepts"/>
  <testcase name="checkTitle" time="0.001" classname="tests.TestNGConcepts"/>
  <testcase name="checkTitle" time="0.005" classname="tests.TestNGConcepts"/>
  <testcase name="signIn" time="0.004" classname="tests.TestNGConcepts"/>
  <testcase name="checkTitle" time="0.001" classname="tests.TestNGConcepts"/>
  <testcase name="homePage" time="0.001" classname="tests.TestNGConcepts"/>
  <testcase name="dashboard" time="0.016" classname="tests.TestNGConcepts"/>
</testsuite> <!-- tests.TestNGConcepts -->
