<?xml version="1.0" encoding="UTF-8"?>
<!-- Generated by org.testng.reporters.JUnitReportReporter -->
<testsuite skipped="0" hostname="Fareed-PC" name="tests.TestNGConcepts" tests="15" failures="0" timestamp="19 Jul 2020 17:53:27 GMT" time="0.109" errors="0">
  <testcase name="checkTitle" time="0.005" classname="tests.TestNGConcepts"/>
  <testcase name="signIn" time="0.007" classname="tests.TestNGConcepts"/>
  <testcase name="checkTitle" time="0.002" classname="tests.TestNGConcepts"/>
  <testcase name="checkTitle" time="0.008" classname="tests.TestNGConcepts"/>
  <testcase name="checkTitle" time="0.003" classname="tests.TestNGConcepts"/>
  <testcase name="checkTitle" time="0.006" classname="tests.TestNGConcepts"/>
  <testcase name="dashboard" time="0.045" classname="tests.TestNGConcepts"/>
  <testcase name="customerPage" time="0.003" classname="tests.TestNGConcepts"/>
  <testcase name="checkTitle" time="0.003" classname="tests.TestNGConcepts"/>
  <testcase name="homePage" time="0.002" classname="tests.TestNGConcepts"/>
  <testcase name="checkTitle" time="0.003" classname="tests.TestNGConcepts"/>
  <testcase name="checkTitle" time="0.009" classname="tests.TestNGConcepts"/>
  <testcase name="checkTitle" time="0.002" classname="tests.TestNGConcepts"/>
  <testcase name="logout" time="0.004" classname="tests.TestNGConcepts"/>
  <testcase name="checkTitle" time="0.007" classname="tests.TestNGConcepts"/>
</testsuite> <!-- tests.TestNGConcepts -->
